# JRE version: OpenJDK Runtime Environment Temurin-17.0.10+7 (17.0.10+7) (build 17.0.10+7)
# Java VM: OpenJDK 64-Bit Server VM Temurin-17.0.10+7 (17.0.10+7, mixed mode, emulated-client, tiered, compressed oops, compressed class ptrs, g1 gc, windows-amd64)
GC Precious Log:
 CPUs: 16 total, 16 available
 Memory: 7598M
 Large Page Support: Disabled
 NUMA Support: Disabled
 Compressed Oops: Enabled (32-bit)
 Heap Region Size: 1M
 Heap Min Capacity: 8M
 Heap Initial Capacity: 120M
 Heap Max Capacity: 1G
 Pre-touch: Disabled
 Parallel Workers: 13
 Concurrent Workers: 3
 Concurrent Refinement Workers: 13
 Periodic GC: Disabled
Heap:
 garbage-first heap   total 91136K, used 29941K [0x00000000c0000000, 0x0000000100000000)
  region size 1024K, 1 young (1024K), 0 survivors (0K)
 Metaspace       used 60093K, committed 60480K, reserved 1114112K
  class space    used 7522K, committed 7680K, reserved 1048576K
GC Heap History (20 events):
Event: 1018.982 GC heap before
{Heap before GC invocations=46 (full 14):
 garbage-first heap   total 91136K, used 77308K [0x00000000c0000000, 0x0000000100000000)
  region size 1024K, 43 young (44032K), 2 survivors (2048K)
 Metaspace       used 60097K, committed 60480K, reserved 1114112K
  class space    used 7524K, committed 7680K, reserved 1048576K
}
Event: 1018.987 GC heap after
{Heap after GC invocations=47 (full 14):
 garbage-first heap   total 91136K, used 35745K [0x00000000c0000000, 0x0000000100000000)
  region size 1024K, 3 young (3072K), 3 survivors (3072K)
 Metaspace       used 60097K, committed 60480K, reserved 1114112K
  class space    used 7524K, committed 7680K, reserved 1048576K
}
Event: 1045.585 GC heap before
{Heap before GC invocations=47 (full 14):
 garbage-first heap   total 91136K, used 77729K [0x00000000c0000000, 0x0000000100000000)
  region size 1024K, 44 young (45056K), 3 survivors (3072K)
 Metaspace       used 60102K, committed 60480K, reserved 1114112K
  class space    used 7525K, committed 7680K, reserved 1048576K
}
Event: 1045.593 GC heap after
{Heap after GC invocations=48 (full 14):
 garbage-first heap   total 91136K, used 35669K [0x00000000c0000000, 0x0000000100000000)
  region size 1024K, 3 young (3072K), 3 survivors (3072K)
 Metaspace       used 60102K, committed 60480K, reserved 1114112K
  class space    used 7525K, committed 7680K, reserved 1048576K
}
Event: 1067.805 GC heap before
{Heap before GC invocations=48 (full 14):
 garbage-first heap   total 91136K, used 77653K [0x00000000c0000000, 0x0000000100000000)
  region size 1024K, 44 young (45056K), 3 survivors (3072K)
 Metaspace       used 60114K, committed 60480K, reserved 1114112K
  class space    used 7527K, committed 7680K, reserved 1048576K
}
Event: 1067.811 GC heap after
{Heap after GC invocations=49 (full 14):
 garbage-first heap   total 91136K, used 35789K [0x00000000c0000000, 0x0000000100000000)
  region size 1024K, 3 young (3072K), 3 survivors (3072K)
 Metaspace       used 60114K, committed 60480K, reserved 1114112K
  class space    used 7527K, committed 7680K, reserved 1048576K
}
Event: 1103.808 GC heap before
{Heap before GC invocations=49 (full 14):
 garbage-first heap   total 91136K, used 77773K [0x00000000c0000000, 0x0000000100000000)
  region size 1024K, 44 young (45056K), 3 survivors (3072K)
 Metaspace       used 60123K, committed 60480K, reserved 1114112K
  class space    used 7528K, committed 7680K, reserved 1048576K
}
Event: 1103.812 GC heap after
{Heap after GC invocations=50 (full 14):
 garbage-first heap   total 91136K, used 35822K [0x00000000c0000000, 0x0000000100000000)
  region size 1024K, 3 young (3072K), 3 survivors (3072K)
 Metaspace       used 60123K, committed 60480K, reserved 1114112K
  class space    used 7528K, committed 7680K, reserved 1048576K
}
Event: 1133.044 GC heap before
{Heap before GC invocations=50 (full 14):
 garbage-first heap   total 91136K, used 76782K [0x00000000c0000000, 0x0000000100000000)
  region size 1024K, 44 young (45056K), 3 survivors (3072K)
 Metaspace       used 60123K, committed 60480K, reserved 1114112K
  class space    used 7528K, committed 7680K, reserved 1048576K
}
Event: 1133.069 GC heap after
{Heap after GC invocations=51 (full 14):
 garbage-first heap   total 91136K, used 37694K [0x00000000c0000000, 0x0000000100000000)
  region size 1024K, 5 young (5120K), 5 survivors (5120K)
 Metaspace       used 60123K, committed 60480K, reserved 1114112K
  class space    used 7528K, committed 7680K, reserved 1048576K
}
Event: 1151.744 GC heap before
{Heap before GC invocations=51 (full 14):
 garbage-first heap   total 91136K, used 74558K [0x00000000c0000000, 0x0000000100000000)
  region size 1024K, 41 young (41984K), 5 survivors (5120K)
 Metaspace       used 60123K, committed 60480K, reserved 1114112K
  class space    used 7528K, committed 7680K, reserved 1048576K
}
Event: 1151.756 GC heap after
{Heap after GC invocations=52 (full 14):
 garbage-first heap   total 91136K, used 36239K [0x00000000c0000000, 0x0000000100000000)
  region size 1024K, 3 young (3072K), 3 survivors (3072K)
 Metaspace       used 60123K, committed 60480K, reserved 1114112K
  class space    used 7528K, committed 7680K, reserved 1048576K
}
Event: 1188.856 GC heap before
{Heap before GC invocations=52 (full 14):
 garbage-first heap   total 91136K, used 39311K [0x00000000c0000000, 0x0000000100000000)
  region size 1024K, 7 young (7168K), 3 survivors (3072K)
 Metaspace       used 60123K, committed 60480K, reserved 1114112K
  class space    used 7528K, committed 7680K, reserved 1048576K
}
Event: 1189.601 GC heap after
{Heap after GC invocations=53 (full 15):
 garbage-first heap   total 91136K, used 32655K [0x00000000c0000000, 0x0000000100000000)
  region size 1024K, 0 young (0K), 0 survivors (0K)
 Metaspace       used 60111K, committed 60480K, reserved 1114112K
  class space    used 7525K, committed 7680K, reserved 1048576K
}
Event: 1229.958 GC heap before
{Heap before GC invocations=53 (full 15):
 garbage-first heap   total 91136K, used 32655K [0x00000000c0000000, 0x0000000100000000)
  region size 1024K, 1 young (1024K), 0 survivors (0K)
 Metaspace       used 60113K, committed 60480K, reserved 1114112K
  class space    used 7526K, committed 7680K, reserved 1048576K
}
Event: 1230.082 GC heap after
{Heap after GC invocations=54 (full 16):
 garbage-first heap   total 91136K, used 29972K [0x00000000c0000000, 0x0000000100000000)
  region size 1024K, 0 young (0K), 0 survivors (0K)
 Metaspace       used 60113K, committed 60480K, reserved 1114112K
  class space    used 7526K, committed 7680K, reserved 1048576K
}
Event: 1240.543 GC heap before
{Heap before GC invocations=54 (full 16):
 garbage-first heap   total 91136K, used 29972K [0x00000000c0000000, 0x0000000100000000)
  region size 1024K, 1 young (1024K), 0 survivors (0K)
 Metaspace       used 60113K, committed 60480K, reserved 1114112K
  class space    used 7526K, committed 7680K, reserved 1048576K
}
Event: 1240.656 GC heap after
{Heap after GC invocations=55 (full 17):
 garbage-first heap   total 91136K, used 29941K [0x00000000c0000000, 0x0000000100000000)
  region size 1024K, 0 young (0K), 0 survivors (0K)
 Metaspace       used 60093K, committed 60480K, reserved 1114112K
  class space    used 7522K, committed 7680K, reserved 1048576K
}
Event: 1251.030 GC heap before
{Heap before GC invocations=55 (full 17):
 garbage-first heap   total 91136K, used 29941K [0x00000000c0000000, 0x0000000100000000)
  region size 1024K, 1 young (1024K), 0 survivors (0K)
 Metaspace       used 60093K, committed 60480K, reserved 1114112K
  class space    used 7522K, committed 7680K, reserved 1048576K
}
Event: 1251.095 GC heap after
{Heap after GC invocations=56 (full 18):
 garbage-first heap   total 91136K, used 29941K [0x00000000c0000000, 0x0000000100000000)
  region size 1024K, 0 young (0K), 0 survivors (0K)
 Metaspace       used 60093K, committed 60480K, reserved 1114112K
  class space    used 7522K, committed 7680K, reserved 1048576K
}

